<?xml version="1.0" encoding="UTF-8"?>
<testng-results ignored="0" total="1" passed="1" failed="0" skipped="0">
  <reporter-output>
  </reporter-output>
  <suite started-at="2023-07-03T01:24:58Z" name="Default suite" finished-at="2023-07-03T01:24:58Z" duration-ms="14">
    <groups>
    </groups>
    <test started-at="2023-07-03T01:24:58Z" name="Default test" finished-at="2023-07-03T01:24:58Z" duration-ms="14">
      <class name="Javabasic.Topic08_Exercise_String">
        <test-method signature="TC03()[pri:0, instance:Javabasic.Topic08_Exercise_String@385c9627]" started-at="2023-07-03T01:24:58Z" name="TC03" finished-at="2023-07-03T01:24:58Z" duration-ms="5" status="PASS">
          <reporter-output>
          </reporter-output>
        </test-method> <!-- TC03 -->
      </class> <!-- Javabasic.Topic08_Exercise_String -->
    </test> <!-- Default test -->
  </suite> <!-- Default suite -->
</testng-results>
